<?xml version="1.0" encoding="UTF-8"?>
<testsuite xmlns:xsi="http://www.w3.org/2001/XMLSchema-instance" xsi:noNamespaceSchemaLocation="https://maven.apache.org/surefire/maven-surefire-plugin/xsd/surefire-test-report.xsd" version="3.0.2" name="com.farmacia_gestion.FarmaciaGestionApplicationTests" time="14.038" tests="1" errors="0" skipped="0" failures="0">
  <properties>
[...]
</properties>
  <testcase name="contextLoads" classname="com.farmacia_gestion.FarmaciaGestionApplicationTests" time="0.742">
    <system-out><![CDATA[08:04:05.395 [main] INFO org.springframework.test.context.support.AnnotationConfigContextLoaderUtils -- Could not detect default configuration classes for test class [com.farmacia_gestion.FarmaciaGestionApplicationTests]: FarmaciaGestionApplicationTests does not declare any static, non-private, non-final, nested classes annotated with @Configuration.
08:04:05.664 [main] INFO org.springframework.boot.test.context.SpringBootTestContextBootstrapper -- Found @SpringBootConfiguration com.farmacia_gestion.FarmaciaGestionApplication for test class com.farmacia_gestion.FarmaciaGestionApplicationTests
08:04:06.107 [main] INFO org.springframework.boot.devtools.restart.RestartApplicationListener -- Restart disabled due to context in which it is running

  .   ____          _            __ _ _
 /\\ / ___'_ __ _ _(_)_ __  __ _ \ \ \ \
( ( )\___ | '_ | '_| | '_ \/ _` | \ \ \ \
 \\/  ___)| |_)| | | | | || (_| |  ) ) ) )
  '  |____| .__|_| |_|_| |_\__, | / / / /
 =========|_|==============|___/=/_/_/_/

 :: Spring Boot ::                (v3.5.0)

2025-06-06T08:04:06.972-05:00  INFO 7784 --- [Farmacia_gestion] [           main] c.f.FarmaciaGestionApplicationTests      : Starting FarmaciaGestionApplicationTests using Java 17.0.12 with PID 7784 (started by Samuel Aleman in C:\JAVAPRUEBA\Farmacia_gestion)
2025-06-06T08:04:06.976-05:00  INFO 7784 --- [Farmacia_gestion] [           main] c.f.FarmaciaGestionApplicationTests      : No active profile set, falling back to 1 default profile: "default"
2025-06-06T08:04:08.928-05:00  INFO 7784 --- [Farmacia_gestion] [           main] .s.d.r.c.RepositoryConfigurationDelegate : Bootstrapping Spring Data JPA repositories in DEFAULT mode.
2025-06-06T08:04:09.121-05:00  INFO 7784 --- [Farmacia_gestion] [           main] .s.d.r.c.RepositoryConfigurationDelegate : Finished Spring Data repository scanning in 174 ms. Found 7 JPA repository interfaces.
2025-06-06T08:04:10.291-05:00  INFO 7784 --- [Farmacia_gestion] [           main] o.hibernate.jpa.internal.util.LogHelper  : HHH000204: Processing PersistenceUnitInfo [name: default]
2025-06-06T08:04:10.516-05:00  INFO 7784 --- [Farmacia_gestion] [           main] org.hibernate.Version                    : HHH000412: Hibernate ORM core version 6.6.15.Final
2025-06-06T08:04:10.626-05:00  INFO 7784 --- [Farmacia_gestion] [           main] o.h.c.internal.RegionFactoryInitiator    : HHH000026: Second-level cache disabled
2025-06-06T08:04:11.890-05:00  INFO 7784 --- [Farmacia_gestion] [           main] o.s.o.j.p.SpringPersistenceUnitInfo      : No LoadTimeWeaver setup: ignoring JPA class transformer
2025-06-06T08:04:11.977-05:00  INFO 7784 --- [Farmacia_gestion] [           main] com.zaxxer.hikari.HikariDataSource       : HikariPool-1 - Starting...
2025-06-06T08:04:12.432-05:00  INFO 7784 --- [Farmacia_gestion] [           main] com.zaxxer.hikari.pool.HikariPool        : HikariPool-1 - Added connection conn0: url=jdbc:h2:mem:farmaciadb user=SA
2025-06-06T08:04:12.435-05:00  INFO 7784 --- [Farmacia_gestion] [           main] com.zaxxer.hikari.HikariDataSource       : HikariPool-1 - Start completed.
2025-06-06T08:04:12.506-05:00  WARN 7784 --- [Farmacia_gestion] [           main] org.hibernate.orm.deprecation            : HHH90000025: H2Dialect does not need to be specified explicitly using 'hibernate.dialect' (remove the property setting and it will be selected by default)
2025-06-06T08:04:12.559-05:00  INFO 7784 --- [Farmacia_gestion] [           main] org.hibernate.orm.connections.pooling    : HHH10001005: Database info:
	Database JDBC URL [Connecting through datasource 'HikariDataSource (HikariPool-1)']
	Database driver: undefined/unknown
	Database version: 2.3.232
	Autocommit mode: undefined/unknown
	Isolation level: undefined/unknown
	Minimum pool size: undefined/unknown
	Maximum pool size: undefined/unknown
2025-06-06T08:04:14.990-05:00  INFO 7784 --- [Farmacia_gestion] [           main] o.h.e.t.j.p.i.JtaPlatformInitiator       : HHH000489: No JTA platform available (set 'hibernate.transaction.jta.platform' to enable JTA platform integration)
Hibernate: 
    drop table if exists clientes cascade 
Hibernate: 
    drop table if exists detalle_ventas cascade 
Hibernate: 
    drop table if exists productos cascade 
Hibernate: 
    drop table if exists proveedores cascade 
Hibernate: 
    drop table if exists roles cascade 
Hibernate: 
    drop table if exists user_roles cascade 
Hibernate: 
    drop table if exists users cascade 
Hibernate: 
    drop table if exists ventas cascade 
Hibernate: 
    create table clientes (
        id bigint generated by default as identity,
        apellido varchar(255),
        direccion varchar(255),
        dni varchar(255) unique,
        email varchar(255),
        nombre varchar(255) not null,
        telefono varchar(255),
        primary key (id)
    )
Hibernate: 
    create table detalle_ventas (
        cantidad integer not null,
        precio_unitario float(53) not null,
        subtotal float(53) not null,
        id bigint generated by default as identity,
        producto_id bigint not null,
        venta_id bigint not null,
        primary key (id)
    )
Hibernate: 
    create table productos (
        fecha_vencimiento date,
        precio float(53) not null,
        stock integer not null,
        id bigint generated by default as identity,
        proveedor_id bigint,
        categoria varchar(255),
        descripcion varchar(255),
        nombre varchar(255) not null,
        primary key (id)
    )
Hibernate: 
    create table proveedores (
        id bigint generated by default as identity,
        contacto varchar(255),
        direccion varchar(255),
        email varchar(255),
        nombre varchar(255) not null unique,
        telefono varchar(255),
        primary key (id)
    )
Hibernate: 
    create table roles (
        id bigint generated by default as identity,
        name varchar(255) not null unique,
        primary key (id)
    )
Hibernate: 
    create table user_roles (
        role_id bigint not null,
        user_id bigint not null,
        primary key (role_id, user_id)
    )
Hibernate: 
    create table users (
        id bigint generated by default as identity,
        first_name varchar(255),
        last_name varchar(255),
        password varchar(255) not null,
        username varchar(255) not null unique,
        primary key (id)
    )
Hibernate: 
    create table ventas (
        total float(53) not null,
        cliente_id bigint,
        fecha_venta timestamp(6) not null,
        id bigint generated by default as identity,
        primary key (id)
    )
Hibernate: 
    alter table if exists detalle_ventas 
       add constraint FKnunx2ycrr6jfyphwmmifo6lgx 
       foreign key (producto_id) 
       references productos
Hibernate: 
    alter table if exists detalle_ventas 
       add constraint FK2dn1sdhrbmva44wbs9fy6l7mn 
       foreign key (venta_id) 
       references ventas
Hibernate: 
    alter table if exists productos 
       add constraint FK4s80lxlx2fkci25fcx4r0nbex 
       foreign key (proveedor_id) 
       references proveedores
Hibernate: 
    alter table if exists user_roles 
       add constraint FKh8ciramu9cc9q3qcqiv4ue8a6 
       foreign key (role_id) 
       references roles
Hibernate: 
    alter table if exists user_roles 
       add constraint FKhfh9dx7w3ubf1co1vdev94g3f 
       foreign key (user_id) 
       references users
Hibernate: 
    alter table if exists ventas 
       add constraint FK4dgjhccl2uuo8swmxlxb4ipb5 
       foreign key (cliente_id) 
       references clientes
2025-06-06T08:04:15.115-05:00  INFO 7784 --- [Farmacia_gestion] [           main] j.LocalContainerEntityManagerFactoryBean : Initialized JPA EntityManagerFactory for persistence unit 'default'
2025-06-06T08:04:15.952-05:00  WARN 7784 --- [Farmacia_gestion] [           main] JpaBaseConfiguration$JpaWebConfiguration : spring.jpa.open-in-view is enabled by default. Therefore, database queries may be performed during view rendering. Explicitly configure spring.jpa.open-in-view to disable this warning
2025-06-06T08:04:16.004-05:00  INFO 7784 --- [Farmacia_gestion] [           main] o.s.b.a.w.s.WelcomePageHandlerMapping    : Adding welcome page template: index
2025-06-06T08:04:16.436-05:00  INFO 7784 --- [Farmacia_gestion] [           main] eAuthenticationProviderManagerConfigurer : Global AuthenticationManager configured with AuthenticationProvider bean with name authenticationProvider
2025-06-06T08:04:16.439-05:00  WARN 7784 --- [Farmacia_gestion] [           main] r$InitializeUserDetailsManagerConfigurer : Global AuthenticationManager configured with an AuthenticationProvider bean. UserDetailsService beans will not be used by Spring Security for automatically configuring username/password login. Consider removing the AuthenticationProvider bean. Alternatively, consider using the UserDetailsService in a manually instantiated DaoAuthenticationProvider. If the current configuration is intentional, to turn off this warning, increase the logging level of 'org.springframework.security.config.annotation.authentication.configuration.InitializeUserDetailsBeanManagerConfigurer' to ERROR
2025-06-06T08:04:17.110-05:00  INFO 7784 --- [Farmacia_gestion] [           main] o.s.b.a.h2.H2ConsoleAutoConfiguration    : H2 console available at '/h2-console'. Database available at 'jdbc:h2:mem:farmaciadb'
2025-06-06T08:04:17.228-05:00  INFO 7784 --- [Farmacia_gestion] [           main] c.f.FarmaciaGestionApplicationTests      : Started FarmaciaGestionApplicationTests in 11.158 seconds (process running for 13.633)
Iniciando carga de datos de prueba...
Hibernate: 
    select
        r1_0.id,
        r1_0.name 
    from
        roles r1_0 
    where
        r1_0.name=?
Hibernate: 
    insert 
    into
        roles
        (name, id) 
    values
        (?, default)
Rol 'ADMINISTRADOR' creado.
Hibernate: 
    select
        r1_0.id,
        r1_0.name 
    from
        roles r1_0 
    where
        r1_0.name=?
Hibernate: 
    insert 
    into
        roles
        (name, id) 
    values
        (?, default)
Rol 'VENDEDOR' creado.
Hibernate: 
    select
        r1_0.id,
        r1_0.name 
    from
        roles r1_0 
    where
        r1_0.name=?
Hibernate: 
    select
        r1_0.id,
        r1_0.name 
    from
        roles r1_0 
    where
        r1_0.name=?
Hibernate: 
    select
        u1_0.id,
        u1_0.first_name,
        u1_0.last_name,
        u1_0.password,
        u1_0.username 
    from
        users u1_0 
    where
        u1_0.username=?
Hibernate: 
    insert 
    into
        users
        (first_name, last_name, password, username, id) 
    values
        (?, ?, ?, ?, default)
Usuario 'admin' creado con rol ADMINISTRADOR.
Hibernate: 
    select
        u1_0.id,
        u1_0.first_name,
        u1_0.last_name,
        u1_0.password,
        u1_0.username 
    from
        users u1_0 
    where
        u1_0.username=?
Hibernate: 
    insert 
    into
        users
        (first_name, last_name, password, username, id) 
    values
        (?, ?, ?, ?, default)
Usuario 'user' creado con rol VENDEDOR.
Hibernate: 
    select
        u1_0.id,
        u1_0.first_name,
        u1_0.last_name,
        u1_0.password,
        u1_0.username 
    from
        users u1_0 
    where
        u1_0.username=?
Hibernate: 
    insert 
    into
        users
        (first_name, last_name, password, username, id) 
    values
        (?, ?, ?, ?, default)
Usuario 'maria' creado con rol VENDEDOR.
Cargando proveedores...
Hibernate: 
    insert 
    into
        proveedores
        (contacto, direccion, email, nombre, telefono, id) 
    values
        (?, ?, ?, ?, ?, default)
Hibernate: 
    insert 
    into
        proveedores
        (contacto, direccion, email, nombre, telefono, id) 
    values
        (?, ?, ?, ?, ?, default)
Hibernate: 
    insert 
    into
        proveedores
        (contacto, direccion, email, nombre, telefono, id) 
    values
        (?, ?, ?, ?, ?, default)
Proveedores guardados.
Cargando productos...
Hibernate: 
    insert 
    into
        productos
        (categoria, descripcion, fecha_vencimiento, nombre, precio, proveedor_id, stock, id) 
    values
        (?, ?, ?, ?, ?, ?, ?, default)
Hibernate: 
    insert 
    into
        productos
        (categoria, descripcion, fecha_vencimiento, nombre, precio, proveedor_id, stock, id) 
    values
        (?, ?, ?, ?, ?, ?, ?, default)
Hibernate: 
    insert 
    into
        productos
        (categoria, descripcion, fecha_vencimiento, nombre, precio, proveedor_id, stock, id) 
    values
        (?, ?, ?, ?, ?, ?, ?, default)
Hibernate: 
    insert 
    into
        productos
        (categoria, descripcion, fecha_vencimiento, nombre, precio, proveedor_id, stock, id) 
    values
        (?, ?, ?, ?, ?, ?, ?, default)
Hibernate: 
    insert 
    into
        productos
        (categoria, descripcion, fecha_vencimiento, nombre, precio, proveedor_id, stock, id) 
    values
        (?, ?, ?, ?, ?, ?, ?, default)
Hibernate: 
    insert 
    into
        productos
        (categoria, descripcion, fecha_vencimiento, nombre, precio, proveedor_id, stock, id) 
    values
        (?, ?, ?, ?, ?, ?, ?, default)
Productos guardados.
Cargando clientes...
Hibernate: 
    insert 
    into
        clientes
        (apellido, direccion, dni, email, nombre, telefono, id) 
    values
        (?, ?, ?, ?, ?, ?, default)
Hibernate: 
    insert 
    into
        clientes
        (apellido, direccion, dni, email, nombre, telefono, id) 
    values
        (?, ?, ?, ?, ?, ?, default)
Hibernate: 
    insert 
    into
        clientes
        (apellido, direccion, dni, email, nombre, telefono, id) 
    values
        (?, ?, ?, ?, ?, ?, default)
Clientes guardados.
Cargando ventas...
Hibernate: 
    insert 
    into
        ventas
        (cliente_id, fecha_venta, total, id) 
    values
        (?, ?, ?, default)
Hibernate: 
    insert 
    into
        detalle_ventas
        (cantidad, precio_unitario, producto_id, subtotal, venta_id, id) 
    values
        (?, ?, ?, ?, ?, default)
Hibernate: 
    insert 
    into
        detalle_ventas
        (cantidad, precio_unitario, producto_id, subtotal, venta_id, id) 
    values
        (?, ?, ?, ?, ?, default)
Venta 1 guardada con detalles.
Hibernate: 
    insert 
    into
        ventas
        (cliente_id, fecha_venta, total, id) 
    values
        (?, ?, ?, default)
Hibernate: 
    insert 
    into
        detalle_ventas
        (cantidad, precio_unitario, producto_id, subtotal, venta_id, id) 
    values
        (?, ?, ?, ?, ?, default)
Hibernate: 
    insert 
    into
        detalle_ventas
        (cantidad, precio_unitario, producto_id, subtotal, venta_id, id) 
    values
        (?, ?, ?, ?, ?, default)
Venta 2 guardada con detalles.
Hibernate: 
    insert 
    into
        ventas
        (cliente_id, fecha_venta, total, id) 
    values
        (?, ?, ?, default)
Hibernate: 
    insert 
    into
        detalle_ventas
        (cantidad, precio_unitario, producto_id, subtotal, venta_id, id) 
    values
        (?, ?, ?, ?, ?, default)
Hibernate: 
    insert 
    into
        detalle_ventas
        (cantidad, precio_unitario, producto_id, subtotal, venta_id, id) 
    values
        (?, ?, ?, ?, ?, default)
Venta 3 (sin cliente) guardada con detalles.
Carga de datos de prueba finalizada exitosamente.
Hibernate: 
    insert 
    into
        user_roles
        (user_id, role_id) 
    values
        (?, ?)
Hibernate: 
    insert 
    into
        user_roles
        (user_id, role_id) 
    values
        (?, ?)
Hibernate: 
    insert 
    into
        user_roles
        (user_id, role_id) 
    values
        (?, ?)
]]></system-out>
  </testcase>
</testsuite>